Arguments: 
  C:\Program Files\nodejs\node.exe C:\Users\liping.zhang\AppData\Roaming\npm\node_modules\yarn\bin\yarn.js publish

PATH: 
  C:\Users\liping.zhang\AppData\Local\Programs\Git\mingw64\bin;C:\Users\liping.zhang\AppData\Local\Programs\Git\usr\bin;C:\Users\liping.zhang\bin;C:\Program Files (x86)\Common Files\Oracle\Java\javapath;C:\WINDOWS\system32;C:\WINDOWS;C:\WINDOWS\System32\Wbem;C:\WINDOWS\System32\WindowsPowerShell\v1.0;C:\WINDOWS\System32\OpenSSH;C:\Program Files\nodejs;C:\Program Files\Java\jdk1.8.0_202\bin;C:\Program Files\Java\jdk1.8.0_202\jre\bin;C:\Users\liping.zhang\AppData\Local\Microsoft\WindowsApps;C:\Users\liping.zhang\AppData\Local\Programs\Microsoft VS Code\bin;C:\Users\liping.zhang\AppData\Local\Programs\Git\cmd;C:\Users\liping.zhang\AppData\Roaming\npm

Yarn version: 
  1.22.10

Node version: 
  14.17.1

Platform: 
  win32 x64

Trace: 
  Error: https://registry.cnpmjs.org/-/user/org.couchdb.user:helenzhang1201: [conflict] User helenzhang1201 already exists
      at Request.params.callback [as _callback] (C:\Users\liping.zhang\AppData\Roaming\npm\node_modules\yarn\lib\cli.js:66988:18)
      at Request.self.callback (C:\Users\liping.zhang\AppData\Roaming\npm\node_modules\yarn\lib\cli.js:140662:22)
      at Request.emit (events.js:375:28)
      at Request.<anonymous> (C:\Users\liping.zhang\AppData\Roaming\npm\node_modules\yarn\lib\cli.js:141634:10)
      at Request.emit (events.js:375:28)
      at IncomingMessage.<anonymous> (C:\Users\liping.zhang\AppData\Roaming\npm\node_modules\yarn\lib\cli.js:141556:12)
      at Object.onceWrapper (events.js:481:28)
      at IncomingMessage.emit (events.js:387:35)
      at endReadableNT (internal/streams/readable.js:1317:12)
      at processTicksAndRejections (internal/process/task_queues.js:82:21)

npm manifest: 
  {
    "name": "diabet-toast",
    "version": "1.0.0",
    "description": "",
    "main": "index.js",
    "scripts": {
      "test": "echo \"Error: no test specified\" && exit 1"
    },
    "keywords": [],
    "author": "helenzhang1201",
    "license": "ISC"
  }

yarn manifest: 
  No manifest

Lockfile: 
  No lockfile
